<?xml version="1.0" encoding="UTF-8"?>
<!-- Generated by org.testng.reporters.JUnitReportReporter -->
<testsuite skipped="0" hostname="LAPTOP-B1VDJO44" name="TestCases.VideoGameAPItest" tests="5" failures="0" timestamp="15 Dec 2019 11:36:35 GMT" time="2.449" errors="0">
  <testcase name="getAllvideogames" time="1.659" classname="TestCases.VideoGameAPItest"/>
  <testcase name="createnewVideogame" time="0.204" classname="TestCases.VideoGameAPItest"/>
  <testcase name="getspecificvideogame" time="0.512" classname="TestCases.VideoGameAPItest"/>
  <testcase name="updatevideogame" time="0.051" classname="TestCases.VideoGameAPItest"/>
  <testcase name="deletevideogame" time="0.023" classname="TestCases.VideoGameAPItest"/>
</testsuite> <!-- TestCases.VideoGameAPItest -->
